{"C:\\Users\\appud\\Desktop\\zepto\\catelog-service\\src\\repository\\mockCatelog.repository.ts": {"path":"C:\\Users\\appud\\Desktop\\zepto\\catelog-service\\src\\repository\\mockCatelog.repository.ts","all":false,"statementMap":{"0":{"start":{"line":1,"column":0},"end":{"line":1,"column":79}},"1":{"start":{"line":2,"column":0},"end":{"line":2,"column":50}},"2":{"start":{"line":3,"column":0},"end":{"line":3,"column":66}},"3":{"start":{"line":4,"column":0},"end":{"line":4,"column":45}},"4":{"start":{"line":5,"column":0},"end":{"line":5,"column":29}},"5":{"start":{"line":6,"column":0},"end":{"line":6,"column":19}},"6":{"start":{"line":7,"column":0},"end":{"line":7,"column":19}},"7":{"start":{"line":8,"column":0},"end":{"line":8,"column":20}},"8":{"start":{"line":9,"column":0},"end":{"line":9,"column":0}},"9":{"start":{"line":10,"column":0},"end":{"line":10,"column":43}},"10":{"start":{"line":11,"column":0},"end":{"line":11,"column":0}},"11":{"start":{"line":12,"column":0},"end":{"line":12,"column":5}},"12":{"start":{"line":13,"column":0},"end":{"line":13,"column":45}},"13":{"start":{"line":14,"column":0},"end":{"line":14,"column":59}},"14":{"start":{"line":15,"column":0},"end":{"line":15,"column":5}},"15":{"start":{"line":16,"column":0},"end":{"line":16,"column":36}},"16":{"start":{"line":17,"column":0},"end":{"line":17,"column":34}},"17":{"start":{"line":18,"column":0},"end":{"line":18,"column":5}},"18":{"start":{"line":19,"column":0},"end":{"line":19,"column":58}},"19":{"start":{"line":20,"column":0},"end":{"line":20,"column":34}},"20":{"start":{"line":21,"column":0},"end":{"line":21,"column":5}},"21":{"start":{"line":22,"column":0},"end":{"line":22,"column":43}},"22":{"start":{"line":23,"column":0},"end":{"line":23,"column":58}},"23":{"start":{"line":24,"column":0},"end":{"line":24,"column":5}},"24":{"start":{"line":25,"column":0},"end":{"line":25,"column":2}},"25":{"start":{"line":26,"column":0},"end":{"line":26,"column":1}}},"s":{"0":1,"1":1,"2":1,"3":1,"4":1,"5":1,"6":1,"7":1,"8":1,"9":1,"10":1,"11":1,"12":1,"13":1,"14":1,"15":1,"16":0,"17":0,"18":1,"19":0,"20":0,"21":1,"22":0,"23":0,"24":1,"25":1},"branchMap":{"0":{"type":"branch","line":4,"loc":{"start":{"line":4,"column":4},"end":{"line":12,"column":5}},"locations":[{"start":{"line":4,"column":4},"end":{"line":12,"column":5}}]},"1":{"type":"branch","line":13,"loc":{"start":{"line":13,"column":4},"end":{"line":15,"column":5}},"locations":[{"start":{"line":13,"column":4},"end":{"line":15,"column":5}}]}},"b":{"0":[1],"1":[1]},"fnMap":{"0":{"name":"create","decl":{"start":{"line":4,"column":4},"end":{"line":12,"column":5}},"loc":{"start":{"line":4,"column":4},"end":{"line":12,"column":5}},"line":4},"1":{"name":"update","decl":{"start":{"line":13,"column":4},"end":{"line":15,"column":5}},"loc":{"start":{"line":13,"column":4},"end":{"line":15,"column":5}},"line":13},"2":{"name":"delete","decl":{"start":{"line":16,"column":4},"end":{"line":18,"column":5}},"loc":{"start":{"line":16,"column":4},"end":{"line":18,"column":5}},"line":16},"3":{"name":"find","decl":{"start":{"line":19,"column":4},"end":{"line":21,"column":5}},"loc":{"start":{"line":19,"column":4},"end":{"line":21,"column":5}},"line":19},"4":{"name":"findOne","decl":{"start":{"line":22,"column":4},"end":{"line":24,"column":5}},"loc":{"start":{"line":22,"column":4},"end":{"line":24,"column":5}},"line":22}},"f":{"0":1,"1":1,"2":0,"3":0,"4":0}}
,"C:\\Users\\appud\\Desktop\\zepto\\catelog-service\\src\\service\\catelog.service.ts": {"path":"C:\\Users\\appud\\Desktop\\zepto\\catelog-service\\src\\service\\catelog.service.ts","all":false,"statementMap":{"0":{"start":{"line":1,"column":0},"end":{"line":1,"column":79}},"1":{"start":{"line":2,"column":0},"end":{"line":2,"column":0}},"2":{"start":{"line":3,"column":0},"end":{"line":3,"column":29}},"3":{"start":{"line":4,"column":0},"end":{"line":4,"column":1}},"4":{"start":{"line":5,"column":0},"end":{"line":5,"column":40}},"5":{"start":{"line":6,"column":0},"end":{"line":6,"column":0}},"6":{"start":{"line":7,"column":0},"end":{"line":7,"column":45}},"7":{"start":{"line":8,"column":0},"end":{"line":8,"column":34}},"8":{"start":{"line":9,"column":0},"end":{"line":9,"column":2}},"9":{"start":{"line":10,"column":0},"end":{"line":10,"column":0}},"10":{"start":{"line":11,"column":0},"end":{"line":11,"column":35}},"11":{"start":{"line":12,"column":0},"end":{"line":12,"column":57}},"12":{"start":{"line":13,"column":0},"end":{"line":13,"column":21}},"13":{"start":{"line":14,"column":0},"end":{"line":14,"column":49}},"14":{"start":{"line":15,"column":0},"end":{"line":15,"column":6}},"15":{"start":{"line":16,"column":0},"end":{"line":16,"column":20}},"16":{"start":{"line":17,"column":0},"end":{"line":17,"column":3}},"17":{"start":{"line":18,"column":0},"end":{"line":18,"column":35}},"18":{"start":{"line":19,"column":0},"end":{"line":19,"column":53}},"19":{"start":{"line":20,"column":0},"end":{"line":20,"column":52}},"20":{"start":{"line":21,"column":0},"end":{"line":21,"column":15}},"21":{"start":{"line":22,"column":0},"end":{"line":22,"column":3}},"22":{"start":{"line":23,"column":0},"end":{"line":23,"column":0}},"23":{"start":{"line":24,"column":0},"end":{"line":24,"column":57}},"24":{"start":{"line":25,"column":0},"end":{"line":25,"column":54}},"25":{"start":{"line":26,"column":0},"end":{"line":26,"column":63}},"26":{"start":{"line":27,"column":0},"end":{"line":27,"column":20}},"27":{"start":{"line":28,"column":0},"end":{"line":28,"column":3}},"28":{"start":{"line":29,"column":0},"end":{"line":29,"column":32}},"29":{"start":{"line":30,"column":0},"end":{"line":30,"column":54}},"30":{"start":{"line":31,"column":0},"end":{"line":31,"column":19}},"31":{"start":{"line":32,"column":0},"end":{"line":32,"column":3}},"32":{"start":{"line":33,"column":0},"end":{"line":33,"column":35}},"33":{"start":{"line":34,"column":0},"end":{"line":34,"column":52}},"34":{"start":{"line":35,"column":0},"end":{"line":35,"column":18}},"35":{"start":{"line":36,"column":0},"end":{"line":36,"column":3}},"36":{"start":{"line":37,"column":0},"end":{"line":37,"column":0}},"37":{"start":{"line":38,"column":0},"end":{"line":38,"column":1}}},"s":{"0":1,"1":1,"2":1,"3":1,"4":1,"5":1,"6":1,"7":8,"8":8,"9":1,"10":1,"11":3,"12":3,"13":1,"14":1,"15":1,"16":1,"17":1,"18":2,"19":1,"20":1,"21":1,"22":1,"23":1,"24":1,"25":2,"26":1,"27":1,"28":1,"29":1,"30":1,"31":1,"32":1,"33":0,"34":0,"35":0,"36":1,"37":1},"branchMap":{"0":{"type":"branch","line":7,"loc":{"start":{"line":7,"column":1},"end":{"line":9,"column":2}},"locations":[{"start":{"line":7,"column":1},"end":{"line":9,"column":2}}]},"1":{"type":"branch","line":11,"loc":{"start":{"line":11,"column":8},"end":{"line":17,"column":3}},"locations":[{"start":{"line":11,"column":8},"end":{"line":17,"column":3}}]},"2":{"type":"branch","line":13,"loc":{"start":{"line":13,"column":-2},"end":{"line":13,"column":20}},"locations":[{"start":{"line":13,"column":-2},"end":{"line":13,"column":20}}]},"3":{"type":"branch","line":13,"loc":{"start":{"line":13,"column":20},"end":{"line":17,"column":3}},"locations":[{"start":{"line":13,"column":20},"end":{"line":17,"column":3}}]},"4":{"type":"branch","line":18,"loc":{"start":{"line":18,"column":8},"end":{"line":22,"column":3}},"locations":[{"start":{"line":18,"column":8},"end":{"line":22,"column":3}}]},"5":{"type":"branch","line":20,"loc":{"start":{"line":20,"column":-2},"end":{"line":22,"column":3}},"locations":[{"start":{"line":20,"column":-2},"end":{"line":22,"column":3}}]},"6":{"type":"branch","line":25,"loc":{"start":{"line":25,"column":8},"end":{"line":28,"column":3}},"locations":[{"start":{"line":25,"column":8},"end":{"line":28,"column":3}}]},"7":{"type":"branch","line":27,"loc":{"start":{"line":27,"column":-2},"end":{"line":28,"column":3}},"locations":[{"start":{"line":27,"column":-2},"end":{"line":28,"column":3}}]},"8":{"type":"branch","line":29,"loc":{"start":{"line":29,"column":8},"end":{"line":32,"column":3}},"locations":[{"start":{"line":29,"column":8},"end":{"line":32,"column":3}}]}},"b":{"0":[8],"1":[3],"2":[2],"3":[1],"4":[2],"5":[1],"6":[2],"7":[1],"8":[1]},"fnMap":{"0":{"name":"CatelogService","decl":{"start":{"line":7,"column":1},"end":{"line":9,"column":2}},"loc":{"start":{"line":7,"column":1},"end":{"line":9,"column":2}},"line":7},"1":{"name":"createProduct","decl":{"start":{"line":11,"column":8},"end":{"line":17,"column":3}},"loc":{"start":{"line":11,"column":8},"end":{"line":17,"column":3}},"line":11},"2":{"name":"updateProduct","decl":{"start":{"line":18,"column":8},"end":{"line":22,"column":3}},"loc":{"start":{"line":18,"column":8},"end":{"line":22,"column":3}},"line":18},"3":{"name":"fetchProducts","decl":{"start":{"line":25,"column":8},"end":{"line":28,"column":3}},"loc":{"start":{"line":25,"column":8},"end":{"line":28,"column":3}},"line":25},"4":{"name":"getProduct","decl":{"start":{"line":29,"column":8},"end":{"line":32,"column":3}},"loc":{"start":{"line":29,"column":8},"end":{"line":32,"column":3}},"line":29},"5":{"name":"deleteProduct","decl":{"start":{"line":33,"column":8},"end":{"line":36,"column":3}},"loc":{"start":{"line":33,"column":8},"end":{"line":36,"column":3}},"line":33}},"f":{"0":8,"1":3,"2":2,"3":2,"4":1,"5":0}}
}
