TN:
SF:src\repository\mockCatelog.repository.ts
FN:4,create
FN:13,update
FN:16,delete
FN:19,find
FN:22,findOne
FNF:5
FNH:2
FNDA:1,create
FNDA:1,update
FNDA:0,delete
FNDA:0,find
FNDA:0,findOne
DA:1,1
DA:2,1
DA:3,1
DA:4,1
DA:5,1
DA:6,1
DA:7,1
DA:8,1
DA:9,1
DA:10,1
DA:11,1
DA:12,1
DA:13,1
DA:14,1
DA:15,1
DA:16,1
DA:17,0
DA:18,0
DA:19,1
DA:20,0
DA:21,0
DA:22,1
DA:23,0
DA:24,0
DA:25,1
DA:26,1
LF:26
LH:20
BRDA:4,0,0,1
BRDA:13,1,0,1
BRF:2
BRH:2
end_of_record
TN:
SF:src\service\catelog.service.ts
FN:7,CatelogService
FN:11,createProduct
FN:18,updateProduct
FN:25,fetchProducts
FN:29,getProduct
FN:33,deleteProduct
FNF:6
FNH:5
FNDA:8,CatelogService
FNDA:3,createProduct
FNDA:2,updateProduct
FNDA:2,fetchProducts
FNDA:1,getProduct
FNDA:0,deleteProduct
DA:1,1
DA:2,1
DA:3,1
DA:4,1
DA:5,1
DA:6,1
DA:7,1
DA:8,8
DA:9,8
DA:10,1
DA:11,1
DA:12,3
DA:13,3
DA:14,1
DA:15,1
DA:16,1
DA:17,1
DA:18,1
DA:19,2
DA:20,1
DA:21,1
DA:22,1
DA:23,1
DA:24,1
DA:25,1
DA:26,2
DA:27,1
DA:28,1
DA:29,1
DA:30,1
DA:31,1
DA:32,1
DA:33,1
DA:34,0
DA:35,0
DA:36,0
DA:37,1
DA:38,1
LF:38
LH:35
BRDA:7,0,0,8
BRDA:11,1,0,3
BRDA:13,2,0,2
BRDA:13,3,0,1
BRDA:18,4,0,2
BRDA:20,5,0,1
BRDA:25,6,0,2
BRDA:27,7,0,1
BRDA:29,8,0,1
BRF:9
BRH:9
end_of_record
